[GIN-debug] [WARNING] Running in "debug" mode. Switch to "release" mode in production.
 - using env:	export GIN_MODE=release
 - using code:	gin.SetMode(gin.ReleaseMode)

[GIN-debug] POST   /resetPassConfEmail/:email --> Dentify-X/app/routers.Rout.func1 (6 handlers)
[GIN-debug] POST   /dsignupreq               --> Dentify-X/app/routers.Rout.func2 (6 handlers)
[GIN-debug] POST   /dlogin                   --> Dentify-X/app/routers.Rout.func3 (6 handlers)
[GIN-debug] POST   /addpatient               --> Dentify-X/app/routers.Rout.func4 (6 handlers)
[GIN-debug] POST   /existingpatient          --> Dentify-X/app/routers.Rout.func5 (6 handlers)
[GIN-debug] POST   /upload                   --> Dentify-X/app/routers.Rout.func6 (6 handlers)
[GIN-debug] GET    /latest-predicted-image   --> Dentify-X/app/services.ServeLatestPredictedImage (6 handlers)
[GIN-debug] POST   /save-prescription        --> Dentify-X/app/routers.Rout.func7 (6 handlers)
[GIN-debug] POST   /psignup                  --> Dentify-X/app/routers.Rout.func8 (6 handlers)
[GIN-debug] POST   /plogin                   --> Dentify-X/app/routers.Rout.func9 (6 handlers)
[GIN-debug] GET    /medicalhistory           --> Dentify-X/app/routers.Rout.func10 (6 handlers)
[GIN-debug] POST   /plogout                  --> Dentify-X/app/routers.Rout.func11 (6 handlers)
[GIN-debug] POST   /alogin                   --> Dentify-X/app/routers.Rout.func12 (6 handlers)
[GIN-debug] GET    /doctors                  --> Dentify-X/app/routers.Rout.func13 (6 handlers)
[GIN-debug] GET    /patients                 --> Dentify-X/app/routers.Rout.func14 (6 handlers)
[GIN-debug] GET    /Requests                 --> Dentify-X/app/routers.Rout.func15 (6 handlers)
[GIN-debug] POST   /accept-request           --> Dentify-X/app/routers.Rout.func16 (6 handlers)
[GIN-debug] POST   /decline-request          --> Dentify-X/app/routers.Rout.func17 (6 handlers)
 - [Sun Jun 30 21:59:14 2024] POST /plogin 404 761µs 
